<?xml version="1.0" encoding="UTF-8"?>
<!-- Generated by org.testng.reporters.JUnitXMLReporter -->
<testsuite ignored="0" hostname="Amits-Air.domain.name" failures="1" tests="2" name="Alkeon Login Page Tests" time="99.585" errors="0" timestamp="2022-08-09T23:29:31 IST">
  <testcase classname="com.qa.alkeon.tests.LoginPageTest" name="loginPageNavigationTest" time="1.642"/>
  <testcase classname="com.qa.alkeon.tests.LoginPageTest" name="loginTest" time="30.02">
    <failure type="com.microsoft.playwright.TimeoutError" message="Error {
  message=&amp;apos;Timeout 30000ms exceeded.
=========================== logs ===========================
waiting for selector &amp;quot;//div[text()=&amp;apos;SIGN IN&amp;apos;]&amp;quot;
============================================================
  name=&amp;apos;TimeoutError
  stack=&amp;apos;TimeoutError: Timeout 30000ms exceeded.
=========================== logs ===========================
waiting for selector &amp;quot;//div[text()=&amp;apos;SIGN IN&amp;apos;]&amp;quot;
============================================================
    at ProgressController.run (/private/var/folders/y6/z2t9tm0143ddkd5fjlt2dfbh0000gn/T/playwright-java-9412065089847634609/package/lib/server/progress.js:96:26)
    at Frame.click (/private/var/folders/y6/z2t9tm0143ddkd5fjlt2dfbh0000gn/T/playwright-java-9412065089847634609/package/lib/server/frames.js:1158:23)
    at FrameDispatcher.click (/private/var/folders/y6/z2t9tm0143ddkd5fjlt2dfbh0000gn/T/playwright-java-9412065089847634609/package/lib/server/dispatchers/frameDispatcher.js:173:30)
    at DispatcherConnection.dispatch (/private/var/folders/y6/z2t9tm0143ddkd5fjlt2dfbh0000gn/T/playwright-java-9412065089847634609/package/lib/server/dispatchers/dispatcher.js:352:46)
}">
      <![CDATA[com.microsoft.playwright.TimeoutError: Error {
  message='Timeout 30000ms exceeded.
=========================== logs ===========================
waiting for selector "//div[text()='SIGN IN']"
============================================================
  name='TimeoutError
  stack='TimeoutError: Timeout 30000ms exceeded.
=========================== logs ===========================
waiting for selector "//div[text()='SIGN IN']"
============================================================
    at ProgressController.run (/private/var/folders/y6/z2t9tm0143ddkd5fjlt2dfbh0000gn/T/playwright-java-9412065089847634609/package/lib/server/progress.js:96:26)
    at Frame.click (/private/var/folders/y6/z2t9tm0143ddkd5fjlt2dfbh0000gn/T/playwright-java-9412065089847634609/package/lib/server/frames.js:1158:23)
    at FrameDispatcher.click (/private/var/folders/y6/z2t9tm0143ddkd5fjlt2dfbh0000gn/T/playwright-java-9412065089847634609/package/lib/server/dispatchers/frameDispatcher.js:173:30)
    at DispatcherConnection.dispatch (/private/var/folders/y6/z2t9tm0143ddkd5fjlt2dfbh0000gn/T/playwright-java-9412065089847634609/package/lib/server/dispatchers/dispatcher.js:352:46)
}
at com.microsoft.playwright.impl.WaitableResult.get(WaitableResult.java:52)
at com.microsoft.playwright.impl.ChannelOwner.runUntil(ChannelOwner.java:103)
at com.microsoft.playwright.impl.Connection.sendMessage(Connection.java:106)
at com.microsoft.playwright.impl.ChannelOwner.sendMessage(ChannelOwner.java:94)
at com.microsoft.playwright.impl.FrameImpl.clickImpl(FrameImpl.java:255)
at com.microsoft.playwright.impl.PageImpl.lambda$click$17(PageImpl.java:626)
at com.microsoft.playwright.impl.LoggingSupport.lambda$withLogging$0(LoggingSupport.java:36)
at com.microsoft.playwright.impl.LoggingSupport.withLogging(LoggingSupport.java:47)
at com.microsoft.playwright.impl.ChannelOwner.withLogging(ChannelOwner.java:79)
at com.microsoft.playwright.impl.LoggingSupport.withLogging(LoggingSupport.java:35)
at com.microsoft.playwright.impl.PageImpl.click(PageImpl.java:625)
at com.microsoft.playwright.Page.click(Page.java:3370)
at com.qa.alkeon.pages.LandingPage.clickSignInButton(LandingPage.java:29)
at com.qa.alkeon.tests.LoginPageTest.loginTest(LoginPageTest.java:24)
at java.base/jdk.internal.reflect.NativeMethodAccessorImpl.invoke0(Native Method)
at java.base/jdk.internal.reflect.NativeMethodAccessorImpl.invoke(NativeMethodAccessorImpl.java:77)
at java.base/jdk.internal.reflect.DelegatingMethodAccessorImpl.invoke(DelegatingMethodAccessorImpl.java:43)
at java.base/java.lang.reflect.Method.invoke(Method.java:568)
at org.testng.internal.MethodInvocationHelper.invokeMethod(MethodInvocationHelper.java:133)
at org.testng.internal.TestInvoker.invokeMethod(TestInvoker.java:598)
at org.testng.internal.TestInvoker.invokeTestMethod(TestInvoker.java:173)
at org.testng.internal.MethodRunner.runInSequence(MethodRunner.java:46)
at org.testng.internal.TestInvoker$MethodInvocationAgent.invoke(TestInvoker.java:824)
at org.testng.internal.TestInvoker.invokeTestMethods(TestInvoker.java:146)
at org.testng.internal.TestMethodWorker.invokeTestMethods(TestMethodWorker.java:146)
at org.testng.internal.TestMethodWorker.run(TestMethodWorker.java:128)
at java.base/java.util.ArrayList.forEach(ArrayList.java:1511)
at org.testng.TestRunner.privateRun(TestRunner.java:794)
at org.testng.TestRunner.run(TestRunner.java:596)
at org.testng.SuiteRunner.runTest(SuiteRunner.java:377)
at org.testng.SuiteRunner.access$000(SuiteRunner.java:28)
at org.testng.SuiteRunner$SuiteWorker.run(SuiteRunner.java:418)
at org.testng.internal.thread.ThreadUtil.lambda$execute$0(ThreadUtil.java:64)
at java.base/java.util.concurrent.FutureTask.run(FutureTask.java:264)
at java.base/java.util.concurrent.ThreadPoolExecutor.runWorker(ThreadPoolExecutor.java:1136)
at java.base/java.util.concurrent.ThreadPoolExecutor$Worker.run(ThreadPoolExecutor.java:635)
at java.base/java.lang.Thread.run(Thread.java:833)
Caused by: com.microsoft.playwright.TimeoutError: Error {
  message='Timeout 30000ms exceeded.
=========================== logs ===========================
waiting for selector "//div[text()='SIGN IN']"
============================================================
  name='TimeoutError
  stack='TimeoutError: Timeout 30000ms exceeded.
=========================== logs ===========================
waiting for selector "//div[text()='SIGN IN']"
============================================================
    at ProgressController.run (/private/var/folders/y6/z2t9tm0143ddkd5fjlt2dfbh0000gn/T/playwright-java-9412065089847634609/package/lib/server/progress.js:96:26)
    at Frame.click (/private/var/folders/y6/z2t9tm0143ddkd5fjlt2dfbh0000gn/T/playwright-java-9412065089847634609/package/lib/server/frames.js:1158:23)
    at FrameDispatcher.click (/private/var/folders/y6/z2t9tm0143ddkd5fjlt2dfbh0000gn/T/playwright-java-9412065089847634609/package/lib/server/dispatchers/frameDispatcher.js:173:30)
    at DispatcherConnection.dispatch (/private/var/folders/y6/z2t9tm0143ddkd5fjlt2dfbh0000gn/T/playwright-java-9412065089847634609/package/lib/server/dispatchers/dispatcher.js:352:46)
}
at com.microsoft.playwright.impl.Connection.dispatch(Connection.java:186)
at com.microsoft.playwright.impl.Connection.processOneMessage(Connection.java:168)
at com.microsoft.playwright.impl.ChannelOwner.runUntil(ChannelOwner.java:101)
... 35 more
]]>
    </failure>
  </testcase> <!-- loginTest -->
</testsuite> <!-- Alkeon Login Page Tests -->
